2018-10-24 20:21:43.300 [main] INFO  com.esen.elog.slf4j.logback.LogbackMgr  æ­£åœ¨åˆå§‹åŒ–æ—¥å¿—æ–‡ä»¶è‡³D:\esendev\workdir\esenbase\logs...
2018-10-24 20:24:09.699 [main] INFO  com.esen.elog.slf4j.logback.LogbackMgr  æ­£åœ¨åˆå§‹åŒ–æ—¥å¿—æ–‡ä»¶è‡³D:\esendev\workdir\esenbase\logs...
2018-10-24 20:35:41.711 [main] INFO  com.esen.elog.slf4j.logback.LogbackMgr  æ­£åœ¨åˆå§‹åŒ–æ—¥å¿—æ–‡ä»¶è‡³D:\esendev\workdir\esenbase\logs...
2018-10-24 20:40:17.768 [main] INFO  com.esen.elog.slf4j.logback.LogbackMgr  æ­£åœ¨åˆå§‹åŒ–æ—¥å¿—æ–‡ä»¶è‡³D:\esendev\workdir\esenbase\logs...
2018-10-25 09:29:52.736 [main] INFO  com.esen.elog.slf4j.logback.LogbackMgr  æ­£åœ¨åˆå§‹åŒ–æ—¥å¿—æ–‡ä»¶è‡³D:\esendev\workdir\esenbase\logs...
2018-10-25 09:39:51.661 [main] INFO  com.esen.elog.slf4j.logback.LogbackMgr  æ­£åœ¨åˆå§‹åŒ–æ—¥å¿—æ–‡ä»¶è‡³D:\esendev\workdir\esenbase\logs...
2018-10-25 10:03:16.117 [main] INFO  com.esen.elog.slf4j.logback.LogbackMgr  æ­£åœ¨åˆå§‹åŒ–æ—¥å¿—æ–‡ä»¶è‡³D:\esendev\workdir\esenbase\logs...
2018-10-25 10:08:00.750 [main] INFO  com.esen.elog.slf4j.logback.LogbackMgr  æ­£åœ¨åˆå§‹åŒ–æ—¥å¿—æ–‡ä»¶è‡³D:\esendev\workdir\esenbase\logs...
2018-10-25 10:15:15.449 [main] INFO  com.esen.elog.slf4j.logback.LogbackMgr  æ­£åœ¨åˆå§‹åŒ–æ—¥å¿—æ–‡ä»¶è‡³D:\esendev\workdir\esenbase\logs...
2018-10-25 10:46:07.686 [main] INFO  com.esen.elog.slf4j.logback.LogbackMgr  æ­£åœ¨åˆå§‹åŒ–æ—¥å¿—æ–‡ä»¶è‡³D:\esendev\workdir\esenbase\logs...
2018-10-25 10:47:59.131 [main] INFO  com.esen.elog.slf4j.logback.LogbackMgr  æ­£åœ¨åˆå§‹åŒ–æ—¥å¿—æ–‡ä»¶è‡³D:\esendev\workdir\esenbase\logs...
2018-10-25 10:51:05.767 [main] INFO  com.esen.elog.slf4j.logback.LogbackMgr  æ­£åœ¨åˆå§‹åŒ–æ—¥å¿—æ–‡ä»¶è‡³D:\esendev\workdir\esenbase\logs...
2018-10-25 14:31:21.873 [main] INFO  com.esen.elog.slf4j.logback.LogbackMgr  æ­£åœ¨åˆå§‹åŒ–æ—¥å¿—æ–‡ä»¶è‡³D:\esendev\workdir\esenbase\logs...
2018-10-25 18:24:30.551 [main] INFO  com.esen.elog.slf4j.logback.LogbackMgr  æ­£åœ¨åˆå§‹åŒ–æ—¥å¿—æ–‡ä»¶è‡³D:\esendev\workdir\esenbase\logs...
2018-10-26 09:39:52.359 [main] INFO  com.esen.elog.slf4j.logback.LogbackMgr  æ­£åœ¨åˆå§‹åŒ–æ—¥å¿—æ–‡ä»¶è‡³D:\esendev\workdir\esenbase\logs...
2018-10-26 10:16:23.447 [main] INFO  com.esen.elog.slf4j.logback.LogbackMgr  æ­£åœ¨åˆå§‹åŒ–æ—¥å¿—æ–‡ä»¶è‡³D:\esendev\workdir\esenbase\logs...
2018-10-26 14:33:33.346 [main] INFO  com.esen.elog.slf4j.logback.LogbackMgr  æ­£åœ¨åˆå§‹åŒ–æ—¥å¿—æ–‡ä»¶è‡³D:\esendev\workdir\esenbase\logs...
2018-10-26 14:38:10.679 [main] INFO  com.esen.elog.slf4j.logback.LogbackMgr  æ­£åœ¨åˆå§‹åŒ–æ—¥å¿—æ–‡ä»¶è‡³D:\esendev\workdir\netschool\logs...
2018-11-02 16:34:21.787 [main] INFO  com.esen.elog.slf4j.logback.LogbackMgr  æ­£åœ¨åˆå§‹åŒ–æ—¥å¿—æ–‡ä»¶è‡³D:\esendev\workdir\netschool\logs...
2018-11-02 16:36:09.584 [main] INFO  com.esen.elog.slf4j.logback.LogbackMgr  æ­£åœ¨åˆå§‹åŒ–æ—¥å¿—æ–‡ä»¶è‡³D:\esendev\workdir\netschool\logs...
2018-11-02 17:15:01.011 [main] INFO  com.esen.elog.slf4j.logback.LogbackMgr  æ­£åœ¨åˆå§‹åŒ–æ—¥å¿—æ–‡ä»¶è‡³D:\esendev\workdir\netschool\logs...
2018-11-02 17:46:27.897 [main] INFO  com.esen.elog.slf4j.logback.LogbackMgr  æ­£åœ¨åˆå§‹åŒ–æ—¥å¿—æ–‡ä»¶è‡³D:\esendev\workdir\netschool\logs...
2018-11-04 23:11:52.179 [main] INFO  com.esen.elog.slf4j.logback.LogbackMgr  æ­£åœ¨åˆå§‹åŒ–æ—¥å¿—æ–‡ä»¶è‡³D:\esendev\workdir\netschool\logs...
2018-11-04 23:18:07.528 [main] INFO  com.esen.elog.slf4j.logback.LogbackMgr  æ­£åœ¨åˆå§‹åŒ–æ—¥å¿—æ–‡ä»¶è‡³D:\esendev\workdir\netschool\logs...
2018-11-05 10:09:11.309 [restartedMain] INFO  com.esen.elog.slf4j.logback.LogbackMgr  æ­£åœ¨åˆå§‹åŒ–æ—¥å¿—æ–‡ä»¶è‡³D:\esendev\workdir\netschool\logs...
2018-11-05 10:20:38.379 [restartedMain] INFO  com.esen.elog.slf4j.logback.LogbackMgr  æ­£åœ¨åˆå§‹åŒ–æ—¥å¿—æ–‡ä»¶è‡³D:\esendev\workdir\netschool\logs...
2018-11-05 10:49:28.250 [main] INFO  com.esen.elog.slf4j.logback.LogbackMgr  ÕıÔÚ³õÊ¼»¯ÈÕÖ¾ÎÄ¼şÖÁD:\esendev\workdir\netschool\logs...
2018-11-05 10:55:54.233 [restartedMain] INFO  com.esen.elog.slf4j.logback.LogbackMgr  æ­£åœ¨åˆå§‹åŒ–æ—¥å¿—æ–‡ä»¶è‡³D:\esendev\workdir\netschool\logs...
2018-11-05 11:07:10.977 [restartedMain] INFO  com.esen.elog.slf4j.logback.LogbackMgr  æ­£åœ¨åˆå§‹åŒ–æ—¥å¿—æ–‡ä»¶è‡³D:\esendev\workdir\netschool\logs...
2018-11-05 11:12:03.940 [restartedMain] INFO  com.esen.elog.slf4j.logback.LogbackMgr  æ­£åœ¨åˆå§‹åŒ–æ—¥å¿—æ–‡ä»¶è‡³D:\esendev\workdir\netschool\logs...
2018-11-05 11:20:33.120 [restartedMain] INFO  com.esen.elog.slf4j.logback.LogbackMgr  æ­£åœ¨åˆå§‹åŒ–æ—¥å¿—æ–‡ä»¶è‡³D:\esendev\workdir\netschool\logs...
2018-11-05 11:24:34.485 [restartedMain] INFO  com.esen.elog.slf4j.logback.LogbackMgr  æ­£åœ¨åˆå§‹åŒ–æ—¥å¿—æ–‡ä»¶è‡³D:\esendev\workdir\netschool\logs...
2018-11-05 11:32:10.228 [restartedMain] INFO  com.esen.elog.slf4j.logback.LogbackMgr  æ­£åœ¨åˆå§‹åŒ–æ—¥å¿—æ–‡ä»¶è‡³D:\esendev\workdir\netschool\logs...
2018-11-05 11:37:07.648 [restartedMain] INFO  com.esen.elog.slf4j.logback.LogbackMgr  æ­£åœ¨åˆå§‹åŒ–æ—¥å¿—æ–‡ä»¶è‡³D:\esendev\workdir\netschool\logs...
2018-11-05 12:34:03.616 [restartedMain] INFO  com.esen.elog.slf4j.logback.LogbackMgr  æ­£åœ¨åˆå§‹åŒ–æ—¥å¿—æ–‡ä»¶è‡³D:\esendev\workdir\netschool\logs...
2018-11-05 12:40:46.781 [restartedMain] INFO  com.esen.elog.slf4j.logback.LogbackMgr  æ­£åœ¨åˆå§‹åŒ–æ—¥å¿—æ–‡ä»¶è‡³D:\esendev\workdir\netschool\logs...
2018-11-05 14:04:16.490 [restartedMain] INFO  com.esen.elog.slf4j.logback.LogbackMgr  æ­£åœ¨åˆå§‹åŒ–æ—¥å¿—æ–‡ä»¶è‡³D:\esendev\workdir\netschool\logs...
2018-11-05 14:51:32.797 [restartedMain] INFO  com.esen.elog.slf4j.logback.LogbackMgr  æ­£åœ¨åˆå§‹åŒ–æ—¥å¿—æ–‡ä»¶è‡³D:\esendev\workdir\netschool\logs...
2018-11-05 15:24:26.376 [restartedMain] INFO  com.esen.elog.slf4j.logback.LogbackMgr  æ­£åœ¨åˆå§‹åŒ–æ—¥å¿—æ–‡ä»¶è‡³D:\esendev\workdir\netschool\logs...
2018-11-05 15:42:20.419 [restartedMain] INFO  com.esen.elog.slf4j.logback.LogbackMgr  æ­£åœ¨åˆå§‹åŒ–æ—¥å¿—æ–‡ä»¶è‡³D:\esendev\workdir\netschool\logs...
2018-11-05 15:49:23.689 [restartedMain] INFO  com.esen.elog.slf4j.logback.LogbackMgr  æ­£åœ¨åˆå§‹åŒ–æ—¥å¿—æ–‡ä»¶è‡³D:\esendev\workdir\netschool\logs...
2018-11-05 15:54:00.234 [restartedMain] INFO  com.esen.elog.slf4j.logback.LogbackMgr  æ­£åœ¨åˆå§‹åŒ–æ—¥å¿—æ–‡ä»¶è‡³D:\esendev\workdir\netschool\logs...
2018-11-05 17:04:33.121 [restartedMain] INFO  com.esen.elog.slf4j.logback.LogbackMgr  æ­£åœ¨åˆå§‹åŒ–æ—¥å¿—æ–‡ä»¶è‡³D:\esendev\workdir\netschool\logs...
2018-11-05 17:27:51.812 [restartedMain] INFO  com.esen.elog.slf4j.logback.LogbackMgr  æ­£åœ¨åˆå§‹åŒ–æ—¥å¿—æ–‡ä»¶è‡³D:\esendev\workdir\netschool\logs...
2018-11-05 17:31:25.490 [restartedMain] INFO  com.esen.elog.slf4j.logback.LogbackMgr  æ­£åœ¨åˆå§‹åŒ–æ—¥å¿—æ–‡ä»¶è‡³D:\esendev\workdir\netschool\logs...
2018-11-05 17:34:16.179 [restartedMain] INFO  com.esen.elog.slf4j.logback.LogbackMgr  æ­£åœ¨åˆå§‹åŒ–æ—¥å¿—æ–‡ä»¶è‡³D:\esendev\workdir\netschool\logs...
2018-11-05 17:41:21.393 [restartedMain] INFO  com.esen.elog.slf4j.logback.LogbackMgr  æ­£åœ¨åˆå§‹åŒ–æ—¥å¿—æ–‡ä»¶è‡³D:\esendev\workdir\netschool\logs...
2018-11-05 17:46:20.637 [restartedMain] INFO  com.esen.elog.slf4j.logback.LogbackMgr  æ­£åœ¨åˆå§‹åŒ–æ—¥å¿—æ–‡ä»¶è‡³D:\esendev\workdir\netschool\logs...
2018-11-05 17:52:43.085 [restartedMain] INFO  com.esen.elog.slf4j.logback.LogbackMgr  æ­£åœ¨åˆå§‹åŒ–æ—¥å¿—æ–‡ä»¶è‡³D:\esendev\workdir\netschool\logs...
2018-11-05 18:54:17.480 [restartedMain] INFO  com.esen.elog.slf4j.logback.LogbackMgr  æ­£åœ¨åˆå§‹åŒ–æ—¥å¿—æ–‡ä»¶è‡³D:\esendev\workdir\netschool\logs...
2018-11-05 18:58:35.564 [restartedMain] INFO  com.esen.elog.slf4j.logback.LogbackMgr  æ­£åœ¨åˆå§‹åŒ–æ—¥å¿—æ–‡ä»¶è‡³D:\esendev\workdir\netschool\logs...
2018-11-05 19:00:41.085 [restartedMain] INFO  com.esen.elog.slf4j.logback.LogbackMgr  æ­£åœ¨åˆå§‹åŒ–æ—¥å¿—æ–‡ä»¶è‡³D:\esendev\workdir\netschool\logs...
2018-11-05 19:02:11.786 [restartedMain] INFO  com.esen.elog.slf4j.logback.LogbackMgr  æ­£åœ¨åˆå§‹åŒ–æ—¥å¿—æ–‡ä»¶è‡³D:\esendev\workdir\netschool\logs...
2018-11-05 19:04:37.847 [restartedMain] INFO  com.esen.elog.slf4j.logback.LogbackMgr  æ­£åœ¨åˆå§‹åŒ–æ—¥å¿—æ–‡ä»¶è‡³D:\esendev\workdir\netschool\logs...
2018-11-05 19:08:25.368 [restartedMain] INFO  com.esen.elog.slf4j.logback.LogbackMgr  æ­£åœ¨åˆå§‹åŒ–æ—¥å¿—æ–‡ä»¶è‡³D:\esendev\workdir\netschool\logs...
2018-11-05 19:13:24.757 [restartedMain] INFO  com.esen.elog.slf4j.logback.LogbackMgr  æ­£åœ¨åˆå§‹åŒ–æ—¥å¿—æ–‡ä»¶è‡³D:\esendev\workdir\netschool\logs...
2018-11-05 19:16:07.282 [restartedMain] INFO  com.esen.elog.slf4j.logback.LogbackMgr  æ­£åœ¨åˆå§‹åŒ–æ—¥å¿—æ–‡ä»¶è‡³D:\esendev\workdir\netschool\logs...
2018-11-05 19:33:00.456 [restartedMain] INFO  com.esen.elog.slf4j.logback.LogbackMgr  æ­£åœ¨åˆå§‹åŒ–æ—¥å¿—æ–‡ä»¶è‡³D:\esendev\workdir\netschool\logs...
2018-11-05 19:39:20.193 [restartedMain] INFO  com.esen.elog.slf4j.logback.LogbackMgr  æ­£åœ¨åˆå§‹åŒ–æ—¥å¿—æ–‡ä»¶è‡³D:\esendev\workdir\netschool\logs...
2018-11-06 09:40:30.282 [restartedMain] INFO  com.esen.elog.slf4j.logback.LogbackMgr  æ­£åœ¨åˆå§‹åŒ–æ—¥å¿—æ–‡ä»¶è‡³D:\esendev\workdir\netschool\logs...
2018-11-06 09:42:53.593 [restartedMain] INFO  com.esen.elog.slf4j.logback.LogbackMgr  æ­£åœ¨åˆå§‹åŒ–æ—¥å¿—æ–‡ä»¶è‡³D:\esendev\workdir\netschool\logs...
2018-11-06 09:45:11.486 [restartedMain] INFO  com.esen.elog.slf4j.logback.LogbackMgr  æ­£åœ¨åˆå§‹åŒ–æ—¥å¿—æ–‡ä»¶è‡³D:\esendev\workdir\netschool\logs...
2018-11-06 10:33:03.417 [restartedMain] INFO  com.esen.elog.slf4j.logback.LogbackMgr  æ­£åœ¨åˆå§‹åŒ–æ—¥å¿—æ–‡ä»¶è‡³D:\esendev\workdir\netschool\logs...
2018-11-06 13:58:27.571 [restartedMain] INFO  com.esen.elog.slf4j.logback.LogbackMgr  æ­£åœ¨åˆå§‹åŒ–æ—¥å¿—æ–‡ä»¶è‡³D:\esendev\workdir\netschool\logs...
2018-11-06 14:04:47.770 [restartedMain] INFO  com.esen.elog.slf4j.logback.LogbackMgr  æ­£åœ¨åˆå§‹åŒ–æ—¥å¿—æ–‡ä»¶è‡³D:\esendev\workdir\netschool\logs...
2018-11-06 14:09:24.208 [restartedMain] INFO  com.esen.elog.slf4j.logback.LogbackMgr  æ­£åœ¨åˆå§‹åŒ–æ—¥å¿—æ–‡ä»¶è‡³D:\esendev\workdir\netschool\logs...
2018-11-06 14:29:12.045 [restartedMain] INFO  com.esen.elog.slf4j.logback.LogbackMgr  æ­£åœ¨åˆå§‹åŒ–æ—¥å¿—æ–‡ä»¶è‡³D:\esendev\workdir\netschool\logs...
2018-11-06 15:35:52.023 [restartedMain] INFO  com.esen.elog.slf4j.logback.LogbackMgr  æ­£åœ¨åˆå§‹åŒ–æ—¥å¿—æ–‡ä»¶è‡³D:\esendev\workdir\netschool\logs...
2018-11-06 17:23:35.853 [restartedMain] INFO  com.esen.elog.slf4j.logback.LogbackMgr  æ­£åœ¨åˆå§‹åŒ–æ—¥å¿—æ–‡ä»¶è‡³D:\esendev\workdir\netschool\logs...
2018-11-06 17:50:40.432 [restartedMain] INFO  com.esen.elog.slf4j.logback.LogbackMgr  æ­£åœ¨åˆå§‹åŒ–æ—¥å¿—æ–‡ä»¶è‡³D:\esendev\workdir\netschool\logs...
2018-11-06 17:52:28.950 [restartedMain] INFO  com.esen.elog.slf4j.logback.LogbackMgr  æ­£åœ¨åˆå§‹åŒ–æ—¥å¿—æ–‡ä»¶è‡³D:\esendev\workdir\netschool\logs...
2018-11-13 16:26:50.761 [restartedMain] INFO  com.esen.elog.slf4j.logback.LogbackMgr  æ­£åœ¨åˆå§‹åŒ–æ—¥å¿—æ–‡ä»¶è‡³D:\esendev\workdir\netschool\logs...
2018-11-13 16:34:58.733 [restartedMain] INFO  com.esen.elog.slf4j.logback.LogbackMgr  æ­£åœ¨åˆå§‹åŒ–æ—¥å¿—æ–‡ä»¶è‡³D:\esendev\workdir\netschool\logs...
2018-11-13 17:47:50.913 [restartedMain] INFO  com.esen.elog.slf4j.logback.LogbackMgr  æ­£åœ¨åˆå§‹åŒ–æ—¥å¿—æ–‡ä»¶è‡³D:\esendev\workdir\netschool\logs...
2018-11-13 17:52:46.611 [restartedMain] INFO  com.esen.elog.slf4j.logback.LogbackMgr  æ­£åœ¨åˆå§‹åŒ–æ—¥å¿—æ–‡ä»¶è‡³D:\esendev\workdir\netschool\logs...
2018-11-13 18:45:31.884 [restartedMain] INFO  com.esen.elog.slf4j.logback.LogbackMgr  æ­£åœ¨åˆå§‹åŒ–æ—¥å¿—æ–‡ä»¶è‡³D:\esendev\workdir\netschool\logs...
2018-11-13 18:58:44.149 [restartedMain] INFO  com.esen.elog.slf4j.logback.LogbackMgr  æ­£åœ¨åˆå§‹åŒ–æ—¥å¿—æ–‡ä»¶è‡³D:\esendev\workdir\netschool\logs...
2018-11-13 19:03:30.716 [restartedMain] INFO  com.esen.elog.slf4j.logback.LogbackMgr  æ­£åœ¨åˆå§‹åŒ–æ—¥å¿—æ–‡ä»¶è‡³D:\esendev\workdir\netschool\logs...
2018-11-13 19:15:14.949 [restartedMain] INFO  com.esen.elog.slf4j.logback.LogbackMgr  æ­£åœ¨åˆå§‹åŒ–æ—¥å¿—æ–‡ä»¶è‡³D:\esendev\workdir\netschool\logs...
2018-11-13 19:18:15.870 [restartedMain] INFO  com.esen.elog.slf4j.logback.LogbackMgr  æ­£åœ¨åˆå§‹åŒ–æ—¥å¿—æ–‡ä»¶è‡³D:\esendev\workdir\netschool\logs...
2018-11-13 19:24:19.257 [restartedMain] INFO  com.esen.elog.slf4j.logback.LogbackMgr  æ­£åœ¨åˆå§‹åŒ–æ—¥å¿—æ–‡ä»¶è‡³D:\esendev\workdir\netschool\logs...
2018-11-13 19:30:44.478 [restartedMain] INFO  com.esen.elog.slf4j.logback.LogbackMgr  æ­£åœ¨åˆå§‹åŒ–æ—¥å¿—æ–‡ä»¶è‡³D:\esendev\workdir\netschool\logs...
2018-11-13 19:42:31.639 [restartedMain] INFO  com.esen.elog.slf4j.logback.LogbackMgr  æ­£åœ¨åˆå§‹åŒ–æ—¥å¿—æ–‡ä»¶è‡³D:\esendev\workdir\netschool\logs...
2018-11-13 20:03:16.748 [restartedMain] INFO  com.esen.elog.slf4j.logback.LogbackMgr  æ­£åœ¨åˆå§‹åŒ–æ—¥å¿—æ–‡ä»¶è‡³D:\esendev\workdir\netschool\logs...
2018-11-13 20:05:53.681 [restartedMain] INFO  com.esen.elog.slf4j.logback.LogbackMgr  æ­£åœ¨åˆå§‹åŒ–æ—¥å¿—æ–‡ä»¶è‡³D:\esendev\workdir\netschool\logs...
2018-11-13 20:24:39.911 [restartedMain] INFO  com.esen.elog.slf4j.logback.LogbackMgr  æ­£åœ¨åˆå§‹åŒ–æ—¥å¿—æ–‡ä»¶è‡³D:\esendev\workdir\netschool\logs...
2018-11-14 14:19:12.082 [restartedMain] INFO  com.esen.elog.slf4j.logback.LogbackMgr  æ­£åœ¨åˆå§‹åŒ–æ—¥å¿—æ–‡ä»¶è‡³D:\esendev\workdir\netschool\logs...
2018-11-14 14:53:14.799 [restartedMain] INFO  com.esen.elog.slf4j.logback.LogbackMgr  æ­£åœ¨åˆå§‹åŒ–æ—¥å¿—æ–‡ä»¶è‡³D:\esendev\workdir\netschool\logs...
2018-11-14 15:07:47.412 [restartedMain] INFO  com.esen.elog.slf4j.logback.LogbackMgr  æ­£åœ¨åˆå§‹åŒ–æ—¥å¿—æ–‡ä»¶è‡³D:\esendev\workdir\netschool\logs...
2018-11-14 15:13:17.337 [restartedMain] INFO  com.esen.elog.slf4j.logback.LogbackMgr  æ­£åœ¨åˆå§‹åŒ–æ—¥å¿—æ–‡ä»¶è‡³D:\esendev\workdir\netschool\logs...
2018-11-14 16:15:40.291 [restartedMain] INFO  com.esen.elog.slf4j.logback.LogbackMgr  æ­£åœ¨åˆå§‹åŒ–æ—¥å¿—æ–‡ä»¶è‡³D:\esendev\workdir\netschool\logs...
2018-11-14 19:20:06.602 [restartedMain] INFO  com.esen.elog.slf4j.logback.LogbackMgr  æ­£åœ¨åˆå§‹åŒ–æ—¥å¿—æ–‡ä»¶è‡³D:\esendev\workdir\netschool\logs...
2018-11-15 10:22:59.631 [restartedMain] INFO  com.esen.elog.slf4j.logback.LogbackMgr  æ­£åœ¨åˆå§‹åŒ–æ—¥å¿—æ–‡ä»¶è‡³D:\esendev\workdir\netschool\logs...
2018-11-15 16:14:57.767 [restartedMain] INFO  com.esen.elog.slf4j.logback.LogbackMgr  æ­£åœ¨åˆå§‹åŒ–æ—¥å¿—æ–‡ä»¶è‡³D:\esendev\workdir\netschool\logs...
2018-11-19 10:13:45.794 [restartedMain] INFO  com.esen.elog.slf4j.logback.LogbackMgr  æ­£åœ¨åˆå§‹åŒ–æ—¥å¿—æ–‡ä»¶è‡³D:\esendev\workdir\netschool\logs...
2018-11-21 21:50:00.808 [restartedMain] INFO  com.esen.elog.slf4j.logback.LogbackMgr  æ­£åœ¨åˆå§‹åŒ–æ—¥å¿—æ–‡ä»¶è‡³D:\esendev\workdir\netschool\logs...
2018-11-21 22:06:42.200 [restartedMain] INFO  com.esen.elog.slf4j.logback.LogbackMgr  æ­£åœ¨åˆå§‹åŒ–æ—¥å¿—æ–‡ä»¶è‡³D:\esendev\workdir\netschool\logs...
2018-11-21 22:29:02.760 [restartedMain] INFO  com.esen.elog.slf4j.logback.LogbackMgr  æ­£åœ¨åˆå§‹åŒ–æ—¥å¿—æ–‡ä»¶è‡³D:\esendev\workdir\netschool\logs...
2018-11-22 15:59:25.303 [restartedMain] INFO  com.esen.elog.slf4j.logback.LogbackMgr  æ­£åœ¨åˆå§‹åŒ–æ—¥å¿—æ–‡ä»¶è‡³D:\esendev\workdir\netschool\logs...
2018-11-23 10:49:29.801 [restartedMain] INFO  com.esen.elog.slf4j.logback.LogbackMgr  æ­£åœ¨åˆå§‹åŒ–æ—¥å¿—æ–‡ä»¶è‡³D:\esendev\workdir\netschool\logs...
2018-11-24 12:45:01.346 [restartedMain] INFO  com.esen.elog.slf4j.logback.LogbackMgr  æ­£åœ¨åˆå§‹åŒ–æ—¥å¿—æ–‡ä»¶è‡³D:\esendev\workdir\netschool\logs...
2018-11-26 09:57:50.437 [restartedMain] INFO  com.esen.elog.slf4j.logback.LogbackMgr  æ­£åœ¨åˆå§‹åŒ–æ—¥å¿—æ–‡ä»¶è‡³D:\esendev\workdir\netschool\logs...
2018-11-26 09:58:58.125 [restartedMain] INFO  com.esen.elog.slf4j.logback.LogbackMgr  æ­£åœ¨åˆå§‹åŒ–æ—¥å¿—æ–‡ä»¶è‡³D:\esendev\workdir\netschool\logs...
2018-11-26 10:59:39.895 [restartedMain] INFO  com.esen.elog.slf4j.logback.LogbackMgr  æ­£åœ¨åˆå§‹åŒ–æ—¥å¿—æ–‡ä»¶è‡³D:\esendev\workdir\netschool\logs...
2018-11-26 11:11:26.822 [restartedMain] INFO  com.esen.elog.slf4j.logback.LogbackMgr  æ­£åœ¨åˆå§‹åŒ–æ—¥å¿—æ–‡ä»¶è‡³D:\esendev\workdir\netschool\logs...
2018-11-26 11:15:51.949 [restartedMain] INFO  com.esen.elog.slf4j.logback.LogbackMgr  æ­£åœ¨åˆå§‹åŒ–æ—¥å¿—æ–‡ä»¶è‡³D:\esendev\workdir\netschool\logs...
2018-11-26 13:57:02.111 [restartedMain] INFO  com.esen.elog.slf4j.logback.LogbackMgr  æ­£åœ¨åˆå§‹åŒ–æ—¥å¿—æ–‡ä»¶è‡³D:\esendev\workdir\netschool\logs...
2018-11-26 14:17:36.628 [restartedMain] INFO  com.esen.elog.slf4j.logback.LogbackMgr  æ­£åœ¨åˆå§‹åŒ–æ—¥å¿—æ–‡ä»¶è‡³D:\esendev\workdir\netschool\logs...
2018-11-26 14:23:39.506 [restartedMain] INFO  com.esen.elog.slf4j.logback.LogbackMgr  æ­£åœ¨åˆå§‹åŒ–æ—¥å¿—æ–‡ä»¶è‡³D:\esendev\workdir\netschool\logs...
2018-11-26 14:42:31.168 [restartedMain] INFO  com.esen.elog.slf4j.logback.LogbackMgr  æ­£åœ¨åˆå§‹åŒ–æ—¥å¿—æ–‡ä»¶è‡³D:\esendev\workdir\netschool\logs...
2018-11-26 14:45:20.122 [restartedMain] INFO  com.esen.elog.slf4j.logback.LogbackMgr  æ­£åœ¨åˆå§‹åŒ–æ—¥å¿—æ–‡ä»¶è‡³D:\esendev\workdir\netschool\logs...
2018-11-26 15:07:05.208 [restartedMain] INFO  com.esen.elog.slf4j.logback.LogbackMgr  æ­£åœ¨åˆå§‹åŒ–æ—¥å¿—æ–‡ä»¶è‡³D:\esendev\workdir\netschool\logs...
2018-11-26 15:19:35.843 [restartedMain] INFO  com.esen.elog.slf4j.logback.LogbackMgr  æ­£åœ¨åˆå§‹åŒ–æ—¥å¿—æ–‡ä»¶è‡³D:\esendev\workdir\netschool\logs...
2018-11-26 17:13:06.434 [restartedMain] INFO  com.esen.elog.slf4j.logback.LogbackMgr  æ­£åœ¨åˆå§‹åŒ–æ—¥å¿—æ–‡ä»¶è‡³D:\esendev\workdir\netschool\logs...
2018-11-26 19:46:58.458 [restartedMain] INFO  com.esen.elog.slf4j.logback.LogbackMgr  æ­£åœ¨åˆå§‹åŒ–æ—¥å¿—æ–‡ä»¶è‡³D:\esendev\workdir\netschool\logs...
2018-11-26 20:09:43.395 [restartedMain] INFO  com.esen.elog.slf4j.logback.LogbackMgr  æ­£åœ¨åˆå§‹åŒ–æ—¥å¿—æ–‡ä»¶è‡³D:\esendev\workdir\netschool\logs...
2018-11-26 20:12:55.555 [restartedMain] INFO  com.esen.elog.slf4j.logback.LogbackMgr  æ­£åœ¨åˆå§‹åŒ–æ—¥å¿—æ–‡ä»¶è‡³D:\esendev\workdir\netschool\logs...
2018-11-26 20:15:34.187 [restartedMain] INFO  com.esen.elog.slf4j.logback.LogbackMgr  æ­£åœ¨åˆå§‹åŒ–æ—¥å¿—æ–‡ä»¶è‡³D:\esendev\workdir\netschool\logs...
2018-11-26 20:27:20.115 [restartedMain] INFO  com.esen.elog.slf4j.logback.LogbackMgr  æ­£åœ¨åˆå§‹åŒ–æ—¥å¿—æ–‡ä»¶è‡³D:\esendev\workdir\netschool\logs...
2018-11-26 20:57:08.333 [restartedMain] INFO  com.esen.elog.slf4j.logback.LogbackMgr  æ­£åœ¨åˆå§‹åŒ–æ—¥å¿—æ–‡ä»¶è‡³D:\esendev\workdir\netschool\logs...
2018-11-26 21:26:00.103 [restartedMain] INFO  com.esen.elog.slf4j.logback.LogbackMgr  æ­£åœ¨åˆå§‹åŒ–æ—¥å¿—æ–‡ä»¶è‡³D:\esendev\workdir\netschool\logs...
2018-11-26 21:46:13.041 [restartedMain] INFO  com.esen.elog.slf4j.logback.LogbackMgr  æ­£åœ¨åˆå§‹åŒ–æ—¥å¿—æ–‡ä»¶è‡³D:\esendev\workdir\netschool\logs...
2018-11-26 22:05:40.894 [restartedMain] INFO  com.esen.elog.slf4j.logback.LogbackMgr  æ­£åœ¨åˆå§‹åŒ–æ—¥å¿—æ–‡ä»¶è‡³D:\esendev\workdir\netschool\logs...
2018-11-27 10:14:58.319 [restartedMain] INFO  com.esen.elog.slf4j.logback.LogbackMgr  æ­£åœ¨åˆå§‹åŒ–æ—¥å¿—æ–‡ä»¶è‡³D:\esendev\workdir\netschool\logs...
2018-11-27 13:02:36.280 [restartedMain] INFO  com.esen.elog.slf4j.logback.LogbackMgr  æ­£åœ¨åˆå§‹åŒ–æ—¥å¿—æ–‡ä»¶è‡³D:\esendev\workdir\netschool\logs...
2018-11-27 13:02:48.109 [restartedMain] INFO  com.esen.elog.slf4j.logback.LogbackMgr  æ­£åœ¨åˆå§‹åŒ–æ—¥å¿—æ–‡ä»¶è‡³D:\esendev\workdir\netschool\logs...
2018-11-27 13:04:06.951 [restartedMain] INFO  com.esen.elog.slf4j.logback.LogbackMgr  æ­£åœ¨åˆå§‹åŒ–æ—¥å¿—æ–‡ä»¶è‡³D:\esendev\workdir\netschool\logs...
2018-11-27 17:14:45.590 [restartedMain] INFO  com.esen.elog.slf4j.logback.LogbackMgr  æ­£åœ¨åˆå§‹åŒ–æ—¥å¿—æ–‡ä»¶è‡³D:\esendev\workdir\netschool\logs...
2018-11-29 10:40:57.038 [restartedMain] INFO  com.esen.elog.slf4j.logback.LogbackMgr  æ­£åœ¨åˆå§‹åŒ–æ—¥å¿—æ–‡ä»¶è‡³D:\esendev\workdir\netschool\logs...
2018-11-29 10:45:26.464 [restartedMain] INFO  com.esen.elog.slf4j.logback.LogbackMgr  æ­£åœ¨åˆå§‹åŒ–æ—¥å¿—æ–‡ä»¶è‡³D:\esendev\workdir\netschool\logs...
2018-11-29 20:19:59.245 [restartedMain] INFO  com.esen.elog.slf4j.logback.LogbackMgr  æ­£åœ¨åˆå§‹åŒ–æ—¥å¿—æ–‡ä»¶è‡³D:\esendev\workdir\netschool\logs...
2018-11-29 20:24:34.382 [restartedMain] INFO  com.esen.elog.slf4j.logback.LogbackMgr  æ­£åœ¨åˆå§‹åŒ–æ—¥å¿—æ–‡ä»¶è‡³D:\esendev\workdir\netschool\logs...
2018-11-29 21:25:35.902 [restartedMain] INFO  com.esen.elog.slf4j.logback.LogbackMgr  æ­£åœ¨åˆå§‹åŒ–æ—¥å¿—æ–‡ä»¶è‡³D:\esendev\workdir\netschool\logs...
2018-11-30 00:16:52.200 [restartedMain] INFO  com.esen.elog.slf4j.logback.LogbackMgr  æ­£åœ¨åˆå§‹åŒ–æ—¥å¿—æ–‡ä»¶è‡³D:\esendev\workdir\netschool\logs...
2018-11-30 01:20:16.534 [restartedMain] INFO  com.esen.elog.slf4j.logback.LogbackMgr  æ­£åœ¨åˆå§‹åŒ–æ—¥å¿—æ–‡ä»¶è‡³D:\esendev\workdir\netschool\logs...
2018-11-30 01:22:30.768 [restartedMain] INFO  com.esen.elog.slf4j.logback.LogbackMgr  æ­£åœ¨åˆå§‹åŒ–æ—¥å¿—æ–‡ä»¶è‡³D:\esendev\workdir\netschool\logs...
2018-11-30 01:24:11.192 [restartedMain] INFO  com.esen.elog.slf4j.logback.LogbackMgr  æ­£åœ¨åˆå§‹åŒ–æ—¥å¿—æ–‡ä»¶è‡³D:\esendev\workdir\netschool\logs...
2018-11-30 01:34:08.816 [restartedMain] INFO  com.esen.elog.slf4j.logback.LogbackMgr  æ­£åœ¨åˆå§‹åŒ–æ—¥å¿—æ–‡ä»¶è‡³D:\esendev\workdir\netschool\logs...
2018-11-30 01:42:09.217 [restartedMain] INFO  com.esen.elog.slf4j.logback.LogbackMgr  æ­£åœ¨åˆå§‹åŒ–æ—¥å¿—æ–‡ä»¶è‡³D:\esendev\workdir\netschool\logs...
2018-11-30 10:24:37.090 [restartedMain] INFO  com.esen.elog.slf4j.logback.LogbackMgr  æ­£åœ¨åˆå§‹åŒ–æ—¥å¿—æ–‡ä»¶è‡³D:\esendev\workdir\netschool\logs...
2018-11-30 10:25:41.714 [restartedMain] INFO  com.esen.elog.slf4j.logback.LogbackMgr  æ­£åœ¨åˆå§‹åŒ–æ—¥å¿—æ–‡ä»¶è‡³D:\esendev\workdir\netschool\logs...
2018-11-30 10:44:15.486 [restartedMain] INFO  com.esen.elog.slf4j.logback.LogbackMgr  æ­£åœ¨åˆå§‹åŒ–æ—¥å¿—æ–‡ä»¶è‡³D:\esendev\workdir\netschool\logs...
2018-11-30 10:52:49.739 [restartedMain] INFO  com.esen.elog.slf4j.logback.LogbackMgr  æ­£åœ¨åˆå§‹åŒ–æ—¥å¿—æ–‡ä»¶è‡³D:\esendev\workdir\netschool\logs...
2018-11-30 11:22:05.555 [restartedMain] INFO  com.esen.elog.slf4j.logback.LogbackMgr  æ­£åœ¨åˆå§‹åŒ–æ—¥å¿—æ–‡ä»¶è‡³D:\esendev\workdir\netschool\logs...
